<?xml version="1.0" encoding="UTF-8"?>
<testng-results ignored="0" total="4" passed="4" failed="0" skipped="0">
  <reporter-output>
  </reporter-output>
  <suite started-at="2025-09-18T17:17:32 PKT" name="Suite" finished-at="2025-09-18T17:17:32 PKT" duration-ms="100">
    <groups>
    </groups>
    <test started-at="2025-09-18T17:17:32 PKT" name="Test" finished-at="2025-09-18T17:17:32 PKT" duration-ms="100">
      <class name="TestSuitP0">
        <test-method signature="TC1()[pri:0, instance:TestSuitP0@40005471]" started-at="2025-09-18T17:17:32 PKT" name="TC1" finished-at="2025-09-18T17:17:32 PKT" duration-ms="12" status="PASS">
          <reporter-output>
          </reporter-output>
        </test-method> <!-- TC1 -->
        <test-method signature="TC2()[pri:0, instance:TestSuitP0@40005471]" started-at="2025-09-18T17:17:32 PKT" name="TC2" finished-at="2025-09-18T17:17:32 PKT" duration-ms="3" status="PASS">
          <reporter-output>
          </reporter-output>
        </test-method> <!-- TC2 -->
        <test-method signature="TC3()[pri:0, instance:TestSuitP0@40005471]" started-at="2025-09-18T17:17:32 PKT" name="TC3" finished-at="2025-09-18T17:17:32 PKT" duration-ms="4" status="PASS">
          <reporter-output>
          </reporter-output>
        </test-method> <!-- TC3 -->
        <test-method signature="TC4()[pri:0, instance:TestSuitP0@40005471]" started-at="2025-09-18T17:17:32 PKT" name="TC4" finished-at="2025-09-18T17:17:32 PKT" duration-ms="2" status="PASS">
          <reporter-output>
          </reporter-output>
        </test-method> <!-- TC4 -->
      </class> <!-- TestSuitP0 -->
    </test> <!-- Test -->
  </suite> <!-- Suite -->
</testng-results>
